[ 2018-06-24T10:46:26+08:00 ] ::1 /blog/login
INFO: [ app_init ] --START--
INFO: Run Behavior\BuildLiteBehavior [ RunTime:0.000000s ]
INFO: [ app_init ] --END-- [ RunTime:0.001000s ]
ERR: 无法加载模块:Login

[ 2018-06-24T10:46:41+08:00 ] ::1 /blog/login
INFO: [ app_init ] --START--
INFO: Run Behavior\BuildLiteBehavior [ RunTime:0.000000s ]
INFO: [ app_init ] --END-- [ RunTime:0.001000s ]
ERR: 无法加载模块:Login

[ 2018-06-24T20:06:09+08:00 ] ::1 /index/index/fetchAll
INFO: [ app_init ] --START--
INFO: Run Behavior\BuildLiteBehavior [ RunTime:0.000000s ]
INFO: [ app_init ] --END-- [ RunTime:0.000000s ]
ERR: 无法加载模块:Index

[ 2018-06-24T20:06:46+08:00 ] ::1 /index/fetchAll
INFO: [ app_init ] --START--
INFO: Run Behavior\BuildLiteBehavior [ RunTime:0.000000s ]
INFO: [ app_init ] --END-- [ RunTime:0.001000s ]
ERR: 无法加载模块:FetchAll

[ 2018-06-24T20:07:27+08:00 ] ::1 /index/fetchAll
INFO: [ app_init ] --START--
INFO: Run Behavior\BuildLiteBehavior [ RunTime:0.000000s ]
INFO: [ app_init ] --END-- [ RunTime:0.000000s ]
ERR: 无法加载模块:FetchAll

[ 2018-06-24T20:08:45+08:00 ] ::1 /addnew
INFO: [ app_init ] --START--
INFO: Run Behavior\BuildLiteBehavior [ RunTime:0.000000s ]
INFO: [ app_init ] --END-- [ RunTime:0.000000s ]
ERR: 无法加载模块:Addnew

[ 2018-06-24T20:11:01+08:00 ] ::1 /favicon.ico
INFO: [ app_init ] --START--
INFO: Run Behavior\BuildLiteBehavior [ RunTime:0.000000s ]
INFO: [ app_init ] --END-- [ RunTime:0.001000s ]
ERR: 无法加载模块:Favicon

[ 2018-06-24T20:11:02+08:00 ] ::1 /favicon.ico
INFO: [ app_init ] --START--
INFO: Run Behavior\BuildLiteBehavior [ RunTime:0.000000s ]
INFO: [ app_init ] --END-- [ RunTime:0.000000s ]
ERR: 无法加载模块:Favicon

[ 2018-06-24T20:11:12+08:00 ] ::1 /favicon.ico
INFO: [ app_init ] --START--
INFO: Run Behavior\BuildLiteBehavior [ RunTime:0.000000s ]
INFO: [ app_init ] --END-- [ RunTime:0.000000s ]
ERR: 无法加载模块:Favicon

[ 2018-06-24T20:11:13+08:00 ] ::1 /favicon.ico
INFO: [ app_init ] --START--
INFO: Run Behavior\BuildLiteBehavior [ RunTime:0.000000s ]
INFO: [ app_init ] --END-- [ RunTime:0.000000s ]
ERR: 无法加载模块:Favicon

[ 2018-06-24T20:13:06+08:00 ] ::1 /favicon.ico
INFO: [ app_init ] --START--
INFO: Run Behavior\BuildLiteBehavior [ RunTime:0.000000s ]
INFO: [ app_init ] --END-- [ RunTime:0.000000s ]
ERR: 无法加载模块:Favicon

[ 2018-06-24T20:21:53+08:00 ] ::1 /favicon.ico
INFO: [ app_init ] --START--
INFO: Run Behavior\BuildLiteBehavior [ RunTime:0.000000s ]
INFO: [ app_init ] --END-- [ RunTime:0.000000s ]
ERR: 无法加载模块:Favicon

[ 2018-06-24T20:22:03+08:00 ] ::1 /favicon.ico
INFO: [ app_init ] --START--
INFO: Run Behavior\BuildLiteBehavior [ RunTime:0.000000s ]
INFO: [ app_init ] --END-- [ RunTime:0.000000s ]
ERR: 无法加载模块:Favicon

[ 2018-06-24T20:22:04+08:00 ] ::1 /favicon.ico
INFO: [ app_init ] --START--
INFO: Run Behavior\BuildLiteBehavior [ RunTime:0.000000s ]
INFO: [ app_init ] --END-- [ RunTime:0.000000s ]
ERR: 无法加载模块:Favicon

[ 2018-06-24T20:27:17+08:00 ] ::1 /favicon.ico
INFO: [ app_init ] --START--
INFO: Run Behavior\BuildLiteBehavior [ RunTime:0.000000s ]
INFO: [ app_init ] --END-- [ RunTime:0.001000s ]
ERR: 无法加载模块:Favicon

[ 2018-06-24T20:28:44+08:00 ] ::1 /favicon.ico
INFO: [ app_init ] --START--
INFO: Run Behavior\BuildLiteBehavior [ RunTime:0.001000s ]
INFO: [ app_init ] --END-- [ RunTime:0.001000s ]
ERR: 无法加载模块:Favicon

[ 2018-06-24T20:34:19+08:00 ] ::1 /favicon.ico
INFO: [ app_init ] --START--
INFO: Run Behavior\BuildLiteBehavior [ RunTime:0.000000s ]
INFO: [ app_init ] --END-- [ RunTime:0.001000s ]
ERR: 无法加载模块:Favicon

[ 2018-06-24T22:18:05+08:00 ] ::1 /Public/upload/2018-06-24/5b2f9f127e7aa.png,/Public/upload/2018-06-24/5b2f9f6951ad6.png,/Public/upload/2018-06-24/5b2fa13632fbc.png,/Public/upload/2018-06-24/5b2fa13f8d716.png,/Public/upload/2018-06-24/5b2fa2d1f3a9b.png,/Public/upload/2018-06-24/5b2fa31649796.png,/Public/upload/2018-06-24/5b2fa3353a47f.png,/Public/upload/2018-06-24/5b2fa369703ba.png,/Public/upload/2018-06-24/5b2fa384701f2.png,/Public/upload/2018-06-24/5b2fa39c939d7.png,/Public/upload/2018-06-24/5b2fa3b0cebc5.png,/Public/upload/2018-06-24/5b2fa3c8501c4.png,/Public/upload/2018-06-24/5b2fa3d53eb68.png,/Public/upload/2018-06-24/5b2fa3ef49161.png,/Public/upload/2018-06-24/5b2fa4433fc2b.png,/Public/upload/2018-06-24/5b2fa499eefd5.png,/Public/upload/2018-06-24/5b2fa4c106842.png,/Public/upload/2018-06-24/5b2fa512afa03.png,/Public/upload/2018-06-24/5b2fa534498e3.png,/Public/upload/2018-06-24/5b2fa55aed0ef.png,/Public/upload/2018-06-24/5b2fa5887e5dc.png,/Public/upload/2018-06-24/5b2fa6277222d.png,/Public/upload/2018-06-24/5b2fa64ce0c43.png,/Public/upload/2018-06-24/5b2fa661dce8b.png,/Public/upload/2018-06-24/5b2fa707c4204.png,/Public/upload/2018-06-24/5b2fa7461b130.png,/Public/upload/2018-06-24/5b2fa75c15c41.png,/Public/upload/2018-06-24/5b2fa7762294b.png,/Public/upload/2018-06-24/5b2fa7a67c2aa.png,/Public/upload/2018-06-24/5b2fa7cf9cf7b.png,/Public/upload/2018-06-24/5b2fa8063c516.png,/Public/upload/2018-06-24/5b2fa81d9e8b9.png
INFO: [ app_init ] --START--
INFO: Run Behavior\BuildLiteBehavior [ RunTime:0.000000s ]
INFO: [ app_init ] --END-- [ RunTime:0.000000s ]
ERR: 无法加载模块:Public

[ 2018-06-24T22:20:40+08:00 ] ::1 /Public/upload/2018-06-24/5b2f9f127e7aa.png,/Public/upload/2018-06-24/5b2f9f6951ad6.png,/Public/upload/2018-06-24/5b2fa13632fbc.png,/Public/upload/2018-06-24/5b2fa13f8d716.png,/Public/upload/2018-06-24/5b2fa2d1f3a9b.png,/Public/upload/2018-06-24/5b2fa31649796.png,/Public/upload/2018-06-24/5b2fa3353a47f.png,/Public/upload/2018-06-24/5b2fa369703ba.png,/Public/upload/2018-06-24/5b2fa384701f2.png,/Public/upload/2018-06-24/5b2fa39c939d7.png,/Public/upload/2018-06-24/5b2fa3b0cebc5.png,/Public/upload/2018-06-24/5b2fa3c8501c4.png,/Public/upload/2018-06-24/5b2fa3d53eb68.png,/Public/upload/2018-06-24/5b2fa3ef49161.png,/Public/upload/2018-06-24/5b2fa4433fc2b.png,/Public/upload/2018-06-24/5b2fa499eefd5.png,/Public/upload/2018-06-24/5b2fa4c106842.png,/Public/upload/2018-06-24/5b2fa512afa03.png,/Public/upload/2018-06-24/5b2fa534498e3.png,/Public/upload/2018-06-24/5b2fa55aed0ef.png,/Public/upload/2018-06-24/5b2fa5887e5dc.png,/Public/upload/2018-06-24/5b2fa6277222d.png,/Public/upload/2018-06-24/5b2fa64ce0c43.png,/Public/upload/2018-06-24/5b2fa661dce8b.png,/Public/upload/2018-06-24/5b2fa707c4204.png,/Public/upload/2018-06-24/5b2fa7461b130.png,/Public/upload/2018-06-24/5b2fa75c15c41.png,/Public/upload/2018-06-24/5b2fa7762294b.png,/Public/upload/2018-06-24/5b2fa7a67c2aa.png,/Public/upload/2018-06-24/5b2fa7cf9cf7b.png,/Public/upload/2018-06-24/5b2fa8063c516.png,/Public/upload/2018-06-24/5b2fa81d9e8b9.png,/Public/upload/2018-06-24/5b2fa8b8c9ba4.png
INFO: [ app_init ] --START--
INFO: Run Behavior\BuildLiteBehavior [ RunTime:0.000000s ]
INFO: [ app_init ] --END-- [ RunTime:0.000000s ]
ERR: 无法加载模块:Public

[ 2018-06-24T22:21:37+08:00 ] ::1 /Public/upload/2018-06-24/5b2f9f127e7aa.png,/Public/upload/2018-06-24/5b2f9f6951ad6.png,/Public/upload/2018-06-24/5b2fa13632fbc.png,/Public/upload/2018-06-24/5b2fa13f8d716.png,/Public/upload/2018-06-24/5b2fa2d1f3a9b.png,/Public/upload/2018-06-24/5b2fa31649796.png,/Public/upload/2018-06-24/5b2fa3353a47f.png,/Public/upload/2018-06-24/5b2fa369703ba.png,/Public/upload/2018-06-24/5b2fa384701f2.png,/Public/upload/2018-06-24/5b2fa39c939d7.png,/Public/upload/2018-06-24/5b2fa3b0cebc5.png,/Public/upload/2018-06-24/5b2fa3c8501c4.png,/Public/upload/2018-06-24/5b2fa3d53eb68.png,/Public/upload/2018-06-24/5b2fa3ef49161.png,/Public/upload/2018-06-24/5b2fa4433fc2b.png,/Public/upload/2018-06-24/5b2fa499eefd5.png,/Public/upload/2018-06-24/5b2fa4c106842.png,/Public/upload/2018-06-24/5b2fa512afa03.png,/Public/upload/2018-06-24/5b2fa534498e3.png,/Public/upload/2018-06-24/5b2fa55aed0ef.png,/Public/upload/2018-06-24/5b2fa5887e5dc.png,/Public/upload/2018-06-24/5b2fa6277222d.png,/Public/upload/2018-06-24/5b2fa64ce0c43.png,/Public/upload/2018-06-24/5b2fa661dce8b.png,/Public/upload/2018-06-24/5b2fa707c4204.png,/Public/upload/2018-06-24/5b2fa7461b130.png,/Public/upload/2018-06-24/5b2fa75c15c41.png,/Public/upload/2018-06-24/5b2fa7762294b.png,/Public/upload/2018-06-24/5b2fa7a67c2aa.png,/Public/upload/2018-06-24/5b2fa7cf9cf7b.png,/Public/upload/2018-06-24/5b2fa8063c516.png,/Public/upload/2018-06-24/5b2fa81d9e8b9.png,/Public/upload/2018-06-24/5b2fa8b8c9ba4.png,/Public/upload/2018-06-24/5b2fa8e0a7dc4.png,/Public/upload/2018-06-24/5b2fa8f0f1931.png
INFO: [ app_init ] --START--
INFO: Run Behavior\BuildLiteBehavior [ RunTime:0.000000s ]
INFO: [ app_init ] --END-- [ RunTime:0.001000s ]
ERR: 无法加载模块:Public

[ 2018-06-24T22:22:02+08:00 ] ::1 /Public/upload/2018-06-24/5b2f9f127e7aa.png,/Public/upload/2018-06-24/5b2f9f6951ad6.png,/Public/upload/2018-06-24/5b2fa13632fbc.png,/Public/upload/2018-06-24/5b2fa13f8d716.png,/Public/upload/2018-06-24/5b2fa2d1f3a9b.png,/Public/upload/2018-06-24/5b2fa31649796.png,/Public/upload/2018-06-24/5b2fa3353a47f.png,/Public/upload/2018-06-24/5b2fa369703ba.png,/Public/upload/2018-06-24/5b2fa384701f2.png,/Public/upload/2018-06-24/5b2fa39c939d7.png,/Public/upload/2018-06-24/5b2fa3b0cebc5.png,/Public/upload/2018-06-24/5b2fa3c8501c4.png,/Public/upload/2018-06-24/5b2fa3d53eb68.png,/Public/upload/2018-06-24/5b2fa3ef49161.png,/Public/upload/2018-06-24/5b2fa4433fc2b.png,/Public/upload/2018-06-24/5b2fa499eefd5.png,/Public/upload/2018-06-24/5b2fa4c106842.png,/Public/upload/2018-06-24/5b2fa512afa03.png,/Public/upload/2018-06-24/5b2fa534498e3.png,/Public/upload/2018-06-24/5b2fa55aed0ef.png,/Public/upload/2018-06-24/5b2fa5887e5dc.png,/Public/upload/2018-06-24/5b2fa6277222d.png,/Public/upload/2018-06-24/5b2fa64ce0c43.png,/Public/upload/2018-06-24/5b2fa661dce8b.png,/Public/upload/2018-06-24/5b2fa707c4204.png,/Public/upload/2018-06-24/5b2fa7461b130.png,/Public/upload/2018-06-24/5b2fa75c15c41.png,/Public/upload/2018-06-24/5b2fa7762294b.png,/Public/upload/2018-06-24/5b2fa7a67c2aa.png,/Public/upload/2018-06-24/5b2fa7cf9cf7b.png,/Public/upload/2018-06-24/5b2fa8063c516.png,/Public/upload/2018-06-24/5b2fa81d9e8b9.png,/Public/upload/2018-06-24/5b2fa8b8c9ba4.png,/Public/upload/2018-06-24/5b2fa8e0a7dc4.png,/Public/upload/2018-06-24/5b2fa8f0f1931.png,/Public/upload/2018-06-24/5b2fa909e47ec.png
INFO: [ app_init ] --START--
INFO: Run Behavior\BuildLiteBehavior [ RunTime:0.000000s ]
INFO: [ app_init ] --END-- [ RunTime:0.000000s ]
ERR: 无法加载模块:Public

[ 2018-06-24T22:24:48+08:00 ] ::1 /favicon.ico
INFO: [ app_init ] --START--
INFO: Run Behavior\BuildLiteBehavior [ RunTime:0.000000s ]
INFO: [ app_init ] --END-- [ RunTime:0.000000s ]
ERR: 无法加载模块:Favicon

[ 2018-06-24T22:56:43+08:00 ] ::1 /favicon.ico
INFO: [ app_init ] --START--
INFO: Run Behavior\BuildLiteBehavior [ RunTime:0.000000s ]
INFO: [ app_init ] --END-- [ RunTime:0.000000s ]
ERR: 无法加载模块:Favicon

[ 2018-06-24T22:59:29+08:00 ] ::1 /favicon.ico
INFO: [ app_init ] --START--
INFO: Run Behavior\BuildLiteBehavior [ RunTime:0.001000s ]
INFO: [ app_init ] --END-- [ RunTime:0.001000s ]
ERR: 无法加载模块:Favicon

[ 2018-06-24T23:02:00+08:00 ] ::1 /favicon.ico
INFO: [ app_init ] --START--
INFO: Run Behavior\BuildLiteBehavior [ RunTime:0.000000s ]
INFO: [ app_init ] --END-- [ RunTime:0.001000s ]
ERR: 无法加载模块:Favicon

